<?xml version="1.0" encoding="UTF-8"?>
<testsuite xmlns:xsi="http://www.w3.org/2001/XMLSchema-instance" xsi:noNamespaceSchemaLocation="https://maven.apache.org/surefire/maven-surefire-plugin/xsd/surefire-test-report-3.0.xsd" version="3.0" name="malakhov.JdbcClientUnitTest" time="1.585" tests="7" errors="0" skipped="0" failures="0">
  <properties>
    <property name="java.specification.version" value="21"/>
    <property name="sun.jnu.encoding" value="UTF-8"/>
    <property name="java.class.path" value="/Users/yema/IdeaProjects/project-study-info/jdbc-client-tutorial/target/test-classes:/Users/yema/IdeaProjects/project-study-info/jdbc-client-tutorial/target/classes:/Users/yema/.m2/repository/org/springframework/boot/spring-boot-starter-web/3.3.3/spring-boot-starter-web-3.3.3.jar:/Users/yema/.m2/repository/org/springframework/boot/spring-boot-starter/3.3.3/spring-boot-starter-3.3.3.jar:/Users/yema/.m2/repository/org/springframework/boot/spring-boot/3.3.3/spring-boot-3.3.3.jar:/Users/yema/.m2/repository/org/springframework/boot/spring-boot-autoconfigure/3.3.3/spring-boot-autoconfigure-3.3.3.jar:/Users/yema/.m2/repository/org/springframework/boot/spring-boot-starter-logging/3.3.3/spring-boot-starter-logging-3.3.3.jar:/Users/yema/.m2/repository/ch/qos/logback/logback-classic/1.5.7/logback-classic-1.5.7.jar:/Users/yema/.m2/repository/ch/qos/logback/logback-core/1.5.7/logback-core-1.5.7.jar:/Users/yema/.m2/repository/org/apache/logging/log4j/log4j-to-slf4j/2.23.1/log4j-to-slf4j-2.23.1.jar:/Users/yema/.m2/repository/org/apache/logging/log4j/log4j-api/2.23.1/log4j-api-2.23.1.jar:/Users/yema/.m2/repository/org/slf4j/jul-to-slf4j/2.0.16/jul-to-slf4j-2.0.16.jar:/Users/yema/.m2/repository/jakarta/annotation/jakarta.annotation-api/2.1.1/jakarta.annotation-api-2.1.1.jar:/Users/yema/.m2/repository/org/yaml/snakeyaml/2.2/snakeyaml-2.2.jar:/Users/yema/.m2/repository/org/springframework/boot/spring-boot-starter-json/3.3.3/spring-boot-starter-json-3.3.3.jar:/Users/yema/.m2/repository/com/fasterxml/jackson/core/jackson-databind/2.17.2/jackson-databind-2.17.2.jar:/Users/yema/.m2/repository/com/fasterxml/jackson/core/jackson-annotations/2.17.2/jackson-annotations-2.17.2.jar:/Users/yema/.m2/repository/com/fasterxml/jackson/core/jackson-core/2.17.2/jackson-core-2.17.2.jar:/Users/yema/.m2/repository/com/fasterxml/jackson/datatype/jackson-datatype-jdk8/2.17.2/jackson-datatype-jdk8-2.17.2.jar:/Users/yema/.m2/repository/com/fasterxml/jackson/datatype/jackson-datatype-jsr310/2.17.2/jackson-datatype-jsr310-2.17.2.jar:/Users/yema/.m2/repository/com/fasterxml/jackson/module/jackson-module-parameter-names/2.17.2/jackson-module-parameter-names-2.17.2.jar:/Users/yema/.m2/repository/org/springframework/boot/spring-boot-starter-tomcat/3.3.3/spring-boot-starter-tomcat-3.3.3.jar:/Users/yema/.m2/repository/org/apache/tomcat/embed/tomcat-embed-core/10.1.28/tomcat-embed-core-10.1.28.jar:/Users/yema/.m2/repository/org/apache/tomcat/embed/tomcat-embed-el/10.1.28/tomcat-embed-el-10.1.28.jar:/Users/yema/.m2/repository/org/apache/tomcat/embed/tomcat-embed-websocket/10.1.28/tomcat-embed-websocket-10.1.28.jar:/Users/yema/.m2/repository/org/springframework/spring-web/6.1.12/spring-web-6.1.12.jar:/Users/yema/.m2/repository/org/springframework/spring-beans/6.1.12/spring-beans-6.1.12.jar:/Users/yema/.m2/repository/io/micrometer/micrometer-observation/1.13.3/micrometer-observation-1.13.3.jar:/Users/yema/.m2/repository/io/micrometer/micrometer-commons/1.13.3/micrometer-commons-1.13.3.jar:/Users/yema/.m2/repository/org/springframework/spring-webmvc/6.1.12/spring-webmvc-6.1.12.jar:/Users/yema/.m2/repository/org/springframework/spring-aop/6.1.12/spring-aop-6.1.12.jar:/Users/yema/.m2/repository/org/springframework/spring-context/6.1.12/spring-context-6.1.12.jar:/Users/yema/.m2/repository/org/springframework/spring-expression/6.1.12/spring-expression-6.1.12.jar:/Users/yema/.m2/repository/org/springframework/boot/spring-boot-starter-jdbc/3.3.3/spring-boot-starter-jdbc-3.3.3.jar:/Users/yema/.m2/repository/com/zaxxer/HikariCP/5.1.0/HikariCP-5.1.0.jar:/Users/yema/.m2/repository/org/slf4j/slf4j-api/2.0.16/slf4j-api-2.0.16.jar:/Users/yema/.m2/repository/org/springframework/spring-jdbc/6.1.12/spring-jdbc-6.1.12.jar:/Users/yema/.m2/repository/org/springframework/spring-tx/6.1.12/spring-tx-6.1.12.jar:/Users/yema/.m2/repository/org/springframework/boot/spring-boot-starter-test/3.3.3/spring-boot-starter-test-3.3.3.jar:/Users/yema/.m2/repository/org/springframework/boot/spring-boot-test/3.3.3/spring-boot-test-3.3.3.jar:/Users/yema/.m2/repository/org/springframework/boot/spring-boot-test-autoconfigure/3.3.3/spring-boot-test-autoconfigure-3.3.3.jar:/Users/yema/.m2/repository/com/jayway/jsonpath/json-path/2.9.0/json-path-2.9.0.jar:/Users/yema/.m2/repository/jakarta/xml/bind/jakarta.xml.bind-api/4.0.2/jakarta.xml.bind-api-4.0.2.jar:/Users/yema/.m2/repository/jakarta/activation/jakarta.activation-api/2.1.3/jakarta.activation-api-2.1.3.jar:/Users/yema/.m2/repository/net/minidev/json-smart/2.5.1/json-smart-2.5.1.jar:/Users/yema/.m2/repository/net/minidev/accessors-smart/2.5.1/accessors-smart-2.5.1.jar:/Users/yema/.m2/repository/org/ow2/asm/asm/9.6/asm-9.6.jar:/Users/yema/.m2/repository/org/assertj/assertj-core/3.25.3/assertj-core-3.25.3.jar:/Users/yema/.m2/repository/net/bytebuddy/byte-buddy/1.14.19/byte-buddy-1.14.19.jar:/Users/yema/.m2/repository/org/awaitility/awaitility/4.2.2/awaitility-4.2.2.jar:/Users/yema/.m2/repository/org/hamcrest/hamcrest/2.2/hamcrest-2.2.jar:/Users/yema/.m2/repository/org/junit/jupiter/junit-jupiter/5.10.3/junit-jupiter-5.10.3.jar:/Users/yema/.m2/repository/org/junit/jupiter/junit-jupiter-api/5.10.3/junit-jupiter-api-5.10.3.jar:/Users/yema/.m2/repository/org/opentest4j/opentest4j/1.3.0/opentest4j-1.3.0.jar:/Users/yema/.m2/repository/org/junit/platform/junit-platform-commons/1.10.3/junit-platform-commons-1.10.3.jar:/Users/yema/.m2/repository/org/apiguardian/apiguardian-api/1.1.2/apiguardian-api-1.1.2.jar:/Users/yema/.m2/repository/org/junit/jupiter/junit-jupiter-params/5.10.3/junit-jupiter-params-5.10.3.jar:/Users/yema/.m2/repository/org/junit/jupiter/junit-jupiter-engine/5.10.3/junit-jupiter-engine-5.10.3.jar:/Users/yema/.m2/repository/org/junit/platform/junit-platform-engine/1.10.3/junit-platform-engine-1.10.3.jar:/Users/yema/.m2/repository/org/mockito/mockito-core/5.11.0/mockito-core-5.11.0.jar:/Users/yema/.m2/repository/net/bytebuddy/byte-buddy-agent/1.14.19/byte-buddy-agent-1.14.19.jar:/Users/yema/.m2/repository/org/objenesis/objenesis/3.3/objenesis-3.3.jar:/Users/yema/.m2/repository/org/mockito/mockito-junit-jupiter/5.11.0/mockito-junit-jupiter-5.11.0.jar:/Users/yema/.m2/repository/org/skyscreamer/jsonassert/1.5.3/jsonassert-1.5.3.jar:/Users/yema/.m2/repository/com/vaadin/external/google/android-json/0.0.20131108.vaadin1/android-json-0.0.20131108.vaadin1.jar:/Users/yema/.m2/repository/org/springframework/spring-core/6.1.12/spring-core-6.1.12.jar:/Users/yema/.m2/repository/org/springframework/spring-jcl/6.1.12/spring-jcl-6.1.12.jar:/Users/yema/.m2/repository/org/springframework/spring-test/6.1.12/spring-test-6.1.12.jar:/Users/yema/.m2/repository/org/xmlunit/xmlunit-core/2.9.1/xmlunit-core-2.9.1.jar:/Users/yema/.m2/repository/com/h2database/h2/2.3.232/h2-2.3.232.jar:"/>
    <property name="java.vm.vendor" value="Oracle Corporation"/>
    <property name="sun.arch.data.model" value="64"/>
    <property name="java.vendor.url" value="https://java.oracle.com/"/>
    <property name="user.timezone" value="Europe/Kiev"/>
    <property name="os.name" value="Mac OS X"/>
    <property name="java.vm.specification.version" value="21"/>
    <property name="sun.java.launcher" value="SUN_STANDARD"/>
    <property name="user.country" value="UA"/>
    <property name="sun.boot.library.path" value="/Library/Java/JavaVirtualMachines/jdk-21.jdk/Contents/Home/lib"/>
    <property name="sun.java.command" value="/Users/yema/IdeaProjects/project-study-info/jdbc-client-tutorial/target/surefire/surefirebooter-20240904121325548_3.jar /Users/yema/IdeaProjects/project-study-info/jdbc-client-tutorial/target/surefire 2024-09-04T12-13-22_996-jvmRun1 surefire-20240904121325548_1tmp surefire_0-20240904121325548_2tmp"/>
    <property name="http.nonProxyHosts" value="local|*.local|169.254/16|*.169.254/16"/>
    <property name="jdk.debug" value="release"/>
    <property name="surefire.test.class.path" value="/Users/yema/IdeaProjects/project-study-info/jdbc-client-tutorial/target/test-classes:/Users/yema/IdeaProjects/project-study-info/jdbc-client-tutorial/target/classes:/Users/yema/.m2/repository/org/springframework/boot/spring-boot-starter-web/3.3.3/spring-boot-starter-web-3.3.3.jar:/Users/yema/.m2/repository/org/springframework/boot/spring-boot-starter/3.3.3/spring-boot-starter-3.3.3.jar:/Users/yema/.m2/repository/org/springframework/boot/spring-boot/3.3.3/spring-boot-3.3.3.jar:/Users/yema/.m2/repository/org/springframework/boot/spring-boot-autoconfigure/3.3.3/spring-boot-autoconfigure-3.3.3.jar:/Users/yema/.m2/repository/org/springframework/boot/spring-boot-starter-logging/3.3.3/spring-boot-starter-logging-3.3.3.jar:/Users/yema/.m2/repository/ch/qos/logback/logback-classic/1.5.7/logback-classic-1.5.7.jar:/Users/yema/.m2/repository/ch/qos/logback/logback-core/1.5.7/logback-core-1.5.7.jar:/Users/yema/.m2/repository/org/apache/logging/log4j/log4j-to-slf4j/2.23.1/log4j-to-slf4j-2.23.1.jar:/Users/yema/.m2/repository/org/apache/logging/log4j/log4j-api/2.23.1/log4j-api-2.23.1.jar:/Users/yema/.m2/repository/org/slf4j/jul-to-slf4j/2.0.16/jul-to-slf4j-2.0.16.jar:/Users/yema/.m2/repository/jakarta/annotation/jakarta.annotation-api/2.1.1/jakarta.annotation-api-2.1.1.jar:/Users/yema/.m2/repository/org/yaml/snakeyaml/2.2/snakeyaml-2.2.jar:/Users/yema/.m2/repository/org/springframework/boot/spring-boot-starter-json/3.3.3/spring-boot-starter-json-3.3.3.jar:/Users/yema/.m2/repository/com/fasterxml/jackson/core/jackson-databind/2.17.2/jackson-databind-2.17.2.jar:/Users/yema/.m2/repository/com/fasterxml/jackson/core/jackson-annotations/2.17.2/jackson-annotations-2.17.2.jar:/Users/yema/.m2/repository/com/fasterxml/jackson/core/jackson-core/2.17.2/jackson-core-2.17.2.jar:/Users/yema/.m2/repository/com/fasterxml/jackson/datatype/jackson-datatype-jdk8/2.17.2/jackson-datatype-jdk8-2.17.2.jar:/Users/yema/.m2/repository/com/fasterxml/jackson/datatype/jackson-datatype-jsr310/2.17.2/jackson-datatype-jsr310-2.17.2.jar:/Users/yema/.m2/repository/com/fasterxml/jackson/module/jackson-module-parameter-names/2.17.2/jackson-module-parameter-names-2.17.2.jar:/Users/yema/.m2/repository/org/springframework/boot/spring-boot-starter-tomcat/3.3.3/spring-boot-starter-tomcat-3.3.3.jar:/Users/yema/.m2/repository/org/apache/tomcat/embed/tomcat-embed-core/10.1.28/tomcat-embed-core-10.1.28.jar:/Users/yema/.m2/repository/org/apache/tomcat/embed/tomcat-embed-el/10.1.28/tomcat-embed-el-10.1.28.jar:/Users/yema/.m2/repository/org/apache/tomcat/embed/tomcat-embed-websocket/10.1.28/tomcat-embed-websocket-10.1.28.jar:/Users/yema/.m2/repository/org/springframework/spring-web/6.1.12/spring-web-6.1.12.jar:/Users/yema/.m2/repository/org/springframework/spring-beans/6.1.12/spring-beans-6.1.12.jar:/Users/yema/.m2/repository/io/micrometer/micrometer-observation/1.13.3/micrometer-observation-1.13.3.jar:/Users/yema/.m2/repository/io/micrometer/micrometer-commons/1.13.3/micrometer-commons-1.13.3.jar:/Users/yema/.m2/repository/org/springframework/spring-webmvc/6.1.12/spring-webmvc-6.1.12.jar:/Users/yema/.m2/repository/org/springframework/spring-aop/6.1.12/spring-aop-6.1.12.jar:/Users/yema/.m2/repository/org/springframework/spring-context/6.1.12/spring-context-6.1.12.jar:/Users/yema/.m2/repository/org/springframework/spring-expression/6.1.12/spring-expression-6.1.12.jar:/Users/yema/.m2/repository/org/springframework/boot/spring-boot-starter-jdbc/3.3.3/spring-boot-starter-jdbc-3.3.3.jar:/Users/yema/.m2/repository/com/zaxxer/HikariCP/5.1.0/HikariCP-5.1.0.jar:/Users/yema/.m2/repository/org/slf4j/slf4j-api/2.0.16/slf4j-api-2.0.16.jar:/Users/yema/.m2/repository/org/springframework/spring-jdbc/6.1.12/spring-jdbc-6.1.12.jar:/Users/yema/.m2/repository/org/springframework/spring-tx/6.1.12/spring-tx-6.1.12.jar:/Users/yema/.m2/repository/org/springframework/boot/spring-boot-starter-test/3.3.3/spring-boot-starter-test-3.3.3.jar:/Users/yema/.m2/repository/org/springframework/boot/spring-boot-test/3.3.3/spring-boot-test-3.3.3.jar:/Users/yema/.m2/repository/org/springframework/boot/spring-boot-test-autoconfigure/3.3.3/spring-boot-test-autoconfigure-3.3.3.jar:/Users/yema/.m2/repository/com/jayway/jsonpath/json-path/2.9.0/json-path-2.9.0.jar:/Users/yema/.m2/repository/jakarta/xml/bind/jakarta.xml.bind-api/4.0.2/jakarta.xml.bind-api-4.0.2.jar:/Users/yema/.m2/repository/jakarta/activation/jakarta.activation-api/2.1.3/jakarta.activation-api-2.1.3.jar:/Users/yema/.m2/repository/net/minidev/json-smart/2.5.1/json-smart-2.5.1.jar:/Users/yema/.m2/repository/net/minidev/accessors-smart/2.5.1/accessors-smart-2.5.1.jar:/Users/yema/.m2/repository/org/ow2/asm/asm/9.6/asm-9.6.jar:/Users/yema/.m2/repository/org/assertj/assertj-core/3.25.3/assertj-core-3.25.3.jar:/Users/yema/.m2/repository/net/bytebuddy/byte-buddy/1.14.19/byte-buddy-1.14.19.jar:/Users/yema/.m2/repository/org/awaitility/awaitility/4.2.2/awaitility-4.2.2.jar:/Users/yema/.m2/repository/org/hamcrest/hamcrest/2.2/hamcrest-2.2.jar:/Users/yema/.m2/repository/org/junit/jupiter/junit-jupiter/5.10.3/junit-jupiter-5.10.3.jar:/Users/yema/.m2/repository/org/junit/jupiter/junit-jupiter-api/5.10.3/junit-jupiter-api-5.10.3.jar:/Users/yema/.m2/repository/org/opentest4j/opentest4j/1.3.0/opentest4j-1.3.0.jar:/Users/yema/.m2/repository/org/junit/platform/junit-platform-commons/1.10.3/junit-platform-commons-1.10.3.jar:/Users/yema/.m2/repository/org/apiguardian/apiguardian-api/1.1.2/apiguardian-api-1.1.2.jar:/Users/yema/.m2/repository/org/junit/jupiter/junit-jupiter-params/5.10.3/junit-jupiter-params-5.10.3.jar:/Users/yema/.m2/repository/org/junit/jupiter/junit-jupiter-engine/5.10.3/junit-jupiter-engine-5.10.3.jar:/Users/yema/.m2/repository/org/junit/platform/junit-platform-engine/1.10.3/junit-platform-engine-1.10.3.jar:/Users/yema/.m2/repository/org/mockito/mockito-core/5.11.0/mockito-core-5.11.0.jar:/Users/yema/.m2/repository/net/bytebuddy/byte-buddy-agent/1.14.19/byte-buddy-agent-1.14.19.jar:/Users/yema/.m2/repository/org/objenesis/objenesis/3.3/objenesis-3.3.jar:/Users/yema/.m2/repository/org/mockito/mockito-junit-jupiter/5.11.0/mockito-junit-jupiter-5.11.0.jar:/Users/yema/.m2/repository/org/skyscreamer/jsonassert/1.5.3/jsonassert-1.5.3.jar:/Users/yema/.m2/repository/com/vaadin/external/google/android-json/0.0.20131108.vaadin1/android-json-0.0.20131108.vaadin1.jar:/Users/yema/.m2/repository/org/springframework/spring-core/6.1.12/spring-core-6.1.12.jar:/Users/yema/.m2/repository/org/springframework/spring-jcl/6.1.12/spring-jcl-6.1.12.jar:/Users/yema/.m2/repository/org/springframework/spring-test/6.1.12/spring-test-6.1.12.jar:/Users/yema/.m2/repository/org/xmlunit/xmlunit-core/2.9.1/xmlunit-core-2.9.1.jar:/Users/yema/.m2/repository/com/h2database/h2/2.3.232/h2-2.3.232.jar:"/>
    <property name="sun.cpu.endian" value="little"/>
    <property name="user.home" value="/Users/yema"/>
    <property name="user.language" value="en"/>
    <property name="java.specification.vendor" value="Oracle Corporation"/>
    <property name="java.version.date" value="2024-07-16"/>
    <property name="java.home" value="/Library/Java/JavaVirtualMachines/jdk-21.jdk/Contents/Home"/>
    <property name="file.separator" value="/"/>
    <property name="basedir" value="/Users/yema/IdeaProjects/project-study-info/jdbc-client-tutorial"/>
    <property name="java.vm.compressedOopsMode" value="Zero based"/>
    <property name="line.separator" value="&#10;"/>
    <property name="java.vm.specification.vendor" value="Oracle Corporation"/>
    <property name="java.specification.name" value="Java Platform API Specification"/>
    <property name="FILE_LOG_CHARSET" value="UTF-8"/>
    <property name="java.awt.headless" value="true"/>
    <property name="apple.awt.application.name" value="ForkedBooter"/>
    <property name="surefire.real.class.path" value="/Users/yema/IdeaProjects/project-study-info/jdbc-client-tutorial/target/surefire/surefirebooter-20240904121325548_3.jar"/>
    <property name="sun.management.compiler" value="HotSpot 64-Bit Tiered Compilers"/>
    <property name="ftp.nonProxyHosts" value="local|*.local|169.254/16|*.169.254/16"/>
    <property name="java.runtime.version" value="21.0.4+8-LTS-274"/>
    <property name="user.name" value="yema"/>
    <property name="stdout.encoding" value="UTF-8"/>
    <property name="path.separator" value=":"/>
    <property name="os.version" value="14.6.1"/>
    <property name="java.runtime.name" value="Java(TM) SE Runtime Environment"/>
    <property name="file.encoding" value="UTF-8"/>
    <property name="java.vm.name" value="Java HotSpot(TM) 64-Bit Server VM"/>
    <property name="localRepository" value="/Users/yema/.m2/repository"/>
    <property name="java.vendor.url.bug" value="https://bugreport.java.com/bugreport/"/>
    <property name="java.io.tmpdir" value="/var/folders/59/mfw_k7px6z76mhwn_fm1gwx40000gn/T/"/>
    <property name="idea.version" value="2024.2.0.2"/>
    <property name="com.zaxxer.hikari.pool_number" value="1"/>
    <property name="java.version" value="21.0.4"/>
    <property name="user.dir" value="/Users/yema/IdeaProjects/project-study-info/jdbc-client-tutorial"/>
    <property name="os.arch" value="aarch64"/>
    <property name="java.vm.specification.name" value="Java Virtual Machine Specification"/>
    <property name="PID" value="73493"/>
    <property name="CONSOLE_LOG_CHARSET" value="UTF-8"/>
    <property name="native.encoding" value="UTF-8"/>
    <property name="java.library.path" value="/Users/yema/Library/Java/Extensions:/Library/Java/Extensions:/Network/Library/Java/Extensions:/System/Library/Java/Extensions:/usr/lib/java:."/>
    <property name="java.vm.info" value="mixed mode, sharing"/>
    <property name="stderr.encoding" value="UTF-8"/>
    <property name="java.vendor" value="Oracle Corporation"/>
    <property name="java.vm.version" value="21.0.4+8-LTS-274"/>
    <property name="sun.io.unicode.encoding" value="UnicodeBig"/>
    <property name="socksNonProxyHosts" value="local|*.local|169.254/16|*.169.254/16"/>
    <property name="java.class.version" value="65.0"/>
  </properties>
  <testcase name="givenJdbcClient_whenQueryWithParamMap_thenSuccess" classname="malakhov.JdbcClientUnitTest" time="0.48">
    <system-out><![CDATA[
  .   ____          _            __ _ _
 /\\ / ___'_ __ _ _(_)_ __  __ _ \ \ \ \
( ( )\___ | '_ | '_| | '_ \/ _` | \ \ \ \
 \\/  ___)| |_)| | | | | || (_| |  ) ) ) )
  '  |____| .__|_| |_|_| |_\__, | / / / /
 =========|_|==============|___/=/_/_/_/

 :: Spring Boot ::                (v3.3.3)

2024-09-04T12:13:26.151+03:00  INFO 73493 --- [           main] malakhov.JdbcClientUnitTest              : Starting JdbcClientUnitTest using Java 21.0.4 with PID 73493 (started by yema in /Users/yema/IdeaProjects/project-study-info/jdbc-client-tutorial)
2024-09-04T12:13:26.152+03:00  INFO 73493 --- [           main] malakhov.JdbcClientUnitTest              : No active profile set, falling back to 1 default profile: "default"
2024-09-04T12:13:26.763+03:00  INFO 73493 --- [           main] com.zaxxer.hikari.HikariDataSource       : HikariPool-1 - Starting...
2024-09-04T12:13:26.850+03:00  INFO 73493 --- [           main] com.zaxxer.hikari.pool.HikariPool        : HikariPool-1 - Added connection conn0: url=jdbc:h2:mem:testdb user=USER
2024-09-04T12:13:26.851+03:00  INFO 73493 --- [           main] com.zaxxer.hikari.HikariDataSource       : HikariPool-1 - Start completed.
2024-09-04T12:13:26.856+03:00  INFO 73493 --- [           main] o.s.b.a.h2.H2ConsoleAutoConfiguration    : H2 console available at '/h2-console'. Database available at 'jdbc:h2:mem:testdb'
2024-09-04T12:13:26.879+03:00  INFO 73493 --- [           main] malakhov.JdbcClientUnitTest              : Started JdbcClientUnitTest in 0.847 seconds (process running for 1.269)
2024-09-04T12:13:27.338+03:00  INFO 73493 --- [           main] malakhov.JdbcClientUnitTest              : testing invoked successfully
2024-09-04T12:13:27.341+03:00 DEBUG 73493 --- [           main] o.s.jdbc.core.JdbcTemplate               : Executing prepared SQL query
2024-09-04T12:13:27.341+03:00 DEBUG 73493 --- [           main] o.s.jdbc.core.JdbcTemplate               : Executing prepared SQL statement [select student_id, student_name, age, grade, gender, state from student where grade = ? and state = ? and gender = ?]
2024-09-04T12:13:27.349+03:00 TRACE 73493 --- [           main] o.s.jdbc.core.StatementCreatorUtils      : Setting SQL statement parameter value: column index 1, parameter value [1], value class [java.lang.Integer], SQL type unknown
2024-09-04T12:13:27.352+03:00 TRACE 73493 --- [           main] o.s.jdbc.core.StatementCreatorUtils      : Setting SQL statement parameter value: column index 2, parameter value [New York], value class [java.lang.String], SQL type unknown
2024-09-04T12:13:27.352+03:00 TRACE 73493 --- [           main] o.s.jdbc.core.StatementCreatorUtils      : Setting SQL statement parameter value: column index 3, parameter value [Male], value class [java.lang.String], SQL type unknown
2024-09-04T12:13:27.357+03:00  INFO 73493 --- [           main] malakhov.JdbcClientUnitTest              : number of students fetched 6
]]></system-out>
    <system-err><![CDATA[WARNING: A Java agent has been loaded dynamically (/Users/yema/.m2/repository/net/bytebuddy/byte-buddy-agent/1.14.19/byte-buddy-agent-1.14.19.jar)
WARNING: If a serviceability tool is in use, please run with -XX:+EnableDynamicAgentLoading to hide this warning
WARNING: If a serviceability tool is not in use, please run with -Djdk.instrument.traceUsage for more information
WARNING: Dynamic loading of agents will be disallowed by default in a future release
]]></system-err>
  </testcase>
  <testcase name="givenJdbcClient_whenInsertWithNamedParamAndSqlType_thenSuccess" classname="malakhov.JdbcClientUnitTest" time="0.009">
    <system-out><![CDATA[2024-09-04T12:13:27.373+03:00  INFO 73493 --- [           main] malakhov.JdbcClientUnitTest              : testing invoked successfully
2024-09-04T12:13:27.373+03:00 DEBUG 73493 --- [           main] o.s.jdbc.core.JdbcTemplate               : Executing prepared SQL update
2024-09-04T12:13:27.373+03:00 DEBUG 73493 --- [           main] o.s.jdbc.core.JdbcTemplate               : Executing prepared SQL statement [INSERT INTO student (student_name, age, grade, gender, state)VALUES (?, ?, ?, ?, ?)]
2024-09-04T12:13:27.373+03:00 TRACE 73493 --- [           main] o.s.jdbc.core.StatementCreatorUtils      : Setting SQL statement parameter value: column index 1, parameter value [Johny Dep], value class [java.lang.String], SQL type 12
2024-09-04T12:13:27.373+03:00 TRACE 73493 --- [           main] o.s.jdbc.core.StatementCreatorUtils      : Setting SQL statement parameter value: column index 2, parameter value [8], value class [java.lang.Integer], SQL type 4
2024-09-04T12:13:27.373+03:00 TRACE 73493 --- [           main] o.s.jdbc.core.StatementCreatorUtils      : Setting SQL statement parameter value: column index 3, parameter value [4], value class [java.lang.Integer], SQL type 4
2024-09-04T12:13:27.374+03:00 TRACE 73493 --- [           main] o.s.jdbc.core.StatementCreatorUtils      : Setting SQL statement parameter value: column index 4, parameter value [Male], value class [java.lang.String], SQL type 12
2024-09-04T12:13:27.374+03:00 TRACE 73493 --- [           main] o.s.jdbc.core.StatementCreatorUtils      : Setting SQL statement parameter value: column index 5, parameter value [New York], value class [java.lang.String], SQL type 12
2024-09-04T12:13:27.374+03:00 TRACE 73493 --- [           main] o.s.jdbc.core.JdbcTemplate               : SQL update affected 1 rows
2024-09-04T12:13:27.374+03:00  INFO 73493 --- [           main] malakhov.dao.StudentDao                  : No. of rows affected: 1
]]></system-out>
  </testcase>
  <testcase name="givenJdbcClient_whenQueryWithParamsInList_thenSuccess" classname="malakhov.JdbcClientUnitTest" time="0.009">
    <system-out><![CDATA[2024-09-04T12:13:27.382+03:00  INFO 73493 --- [           main] malakhov.JdbcClientUnitTest              : testing invoked successfully
2024-09-04T12:13:27.383+03:00 DEBUG 73493 --- [           main] o.s.jdbc.core.JdbcTemplate               : Executing prepared SQL query
2024-09-04T12:13:27.383+03:00 DEBUG 73493 --- [           main] o.s.jdbc.core.JdbcTemplate               : Executing prepared SQL statement [select student_id, student_name, age, grade, gender, state from student where grade = ? and state = ? and gender = ? limit 1]
2024-09-04T12:13:27.383+03:00 TRACE 73493 --- [           main] o.s.jdbc.core.StatementCreatorUtils      : Setting SQL statement parameter value: column index 1, parameter value [1], value class [java.lang.Integer], SQL type unknown
2024-09-04T12:13:27.383+03:00 TRACE 73493 --- [           main] o.s.jdbc.core.StatementCreatorUtils      : Setting SQL statement parameter value: column index 2, parameter value [New York], value class [java.lang.String], SQL type unknown
2024-09-04T12:13:27.383+03:00 TRACE 73493 --- [           main] o.s.jdbc.core.StatementCreatorUtils      : Setting SQL statement parameter value: column index 3, parameter value [Male], value class [java.lang.String], SQL type unknown
]]></system-out>
  </testcase>
  <testcase name="givenJdbcClient_whenQueryWithPositionalParams_thenSuccess" classname="malakhov.JdbcClientUnitTest" time="0.015">
    <system-out><![CDATA[2024-09-04T12:13:27.391+03:00  INFO 73493 --- [           main] malakhov.JdbcClientUnitTest              : testing invoked successfully
2024-09-04T12:13:27.399+03:00 DEBUG 73493 --- [           main] o.s.jdbc.core.JdbcTemplate               : Executing prepared SQL query
2024-09-04T12:13:27.399+03:00 DEBUG 73493 --- [           main] o.s.jdbc.core.JdbcTemplate               : Executing prepared SQL statement [select student_id, student_name, age, grade, gender, state from student where grade = ? and state = ? and gender = ?]
2024-09-04T12:13:27.399+03:00 TRACE 73493 --- [           main] o.s.jdbc.core.StatementCreatorUtils      : Setting SQL statement parameter value: column index 1, parameter value [1], value class [java.lang.Integer], SQL type unknown
2024-09-04T12:13:27.399+03:00 TRACE 73493 --- [           main] o.s.jdbc.core.StatementCreatorUtils      : Setting SQL statement parameter value: column index 2, parameter value [New York], value class [java.lang.String], SQL type unknown
2024-09-04T12:13:27.399+03:00 TRACE 73493 --- [           main] o.s.jdbc.core.StatementCreatorUtils      : Setting SQL statement parameter value: column index 3, parameter value [Male], value class [java.lang.String], SQL type unknown
2024-09-04T12:13:27.399+03:00  INFO 73493 --- [           main] malakhov.JdbcClientUnitTest              : number of students fetched 6
]]></system-out>
  </testcase>
  <testcase name="givenJdbcClient_whenQueryWithParamsIndex_thenSuccess" classname="malakhov.JdbcClientUnitTest" time="0.007">
    <system-out><![CDATA[2024-09-04T12:13:27.407+03:00  INFO 73493 --- [           main] malakhov.JdbcClientUnitTest              : testing invoked successfully
2024-09-04T12:13:27.407+03:00 DEBUG 73493 --- [           main] o.s.jdbc.core.JdbcTemplate               : Executing prepared SQL query
2024-09-04T12:13:27.407+03:00 DEBUG 73493 --- [           main] o.s.jdbc.core.JdbcTemplate               : Executing prepared SQL statement [select student_id, student_name, age, grade, gender, state from student where grade = ? and state = ? and gender = ?]
2024-09-04T12:13:27.408+03:00 TRACE 73493 --- [           main] o.s.jdbc.core.StatementCreatorUtils      : Setting SQL statement parameter value: column index 1, parameter value [1], value class [java.lang.Integer], SQL type unknown
2024-09-04T12:13:27.408+03:00 TRACE 73493 --- [           main] o.s.jdbc.core.StatementCreatorUtils      : Setting SQL statement parameter value: column index 2, parameter value [New York], value class [java.lang.String], SQL type unknown
2024-09-04T12:13:27.408+03:00 TRACE 73493 --- [           main] o.s.jdbc.core.StatementCreatorUtils      : Setting SQL statement parameter value: column index 3, parameter value [Male], value class [java.lang.String], SQL type unknown
]]></system-out>
  </testcase>
  <testcase name="givenJdbcClient_whenQueryWithNamedParam_thenSuccess" classname="malakhov.JdbcClientUnitTest" time="0.015">
    <system-out><![CDATA[2024-09-04T12:13:27.415+03:00  INFO 73493 --- [           main] malakhov.JdbcClientUnitTest              : testing invoked successfully
2024-09-04T12:13:27.416+03:00 DEBUG 73493 --- [           main] o.s.jdbc.core.JdbcTemplate               : Executing prepared SQL query
2024-09-04T12:13:27.416+03:00 DEBUG 73493 --- [           main] o.s.jdbc.core.JdbcTemplate               : Executing prepared SQL statement [select student_id, student_name, age, grade, gender, state from student where grade = ? and state = ? and gender = ?]
2024-09-04T12:13:27.416+03:00 TRACE 73493 --- [           main] o.s.jdbc.core.StatementCreatorUtils      : Setting SQL statement parameter value: column index 1, parameter value [1], value class [java.lang.Integer], SQL type unknown
2024-09-04T12:13:27.416+03:00 TRACE 73493 --- [           main] o.s.jdbc.core.StatementCreatorUtils      : Setting SQL statement parameter value: column index 2, parameter value [New York], value class [java.lang.String], SQL type unknown
2024-09-04T12:13:27.416+03:00 TRACE 73493 --- [           main] o.s.jdbc.core.StatementCreatorUtils      : Setting SQL statement parameter value: column index 3, parameter value [Male], value class [java.lang.String], SQL type unknown
2024-09-04T12:13:27.418+03:00  INFO 73493 --- [           main] malakhov.JdbcClientUnitTest              : number of students fetched 6
]]></system-out>
  </testcase>
  <testcase name="givenJdbcClient_whenQueryWithParamsInVarargs_thenSuccess" classname="malakhov.JdbcClientUnitTest" time="0.006">
    <system-out><![CDATA[2024-09-04T12:13:27.429+03:00  INFO 73493 --- [           main] malakhov.JdbcClientUnitTest              : testing invoked successfully
2024-09-04T12:13:27.429+03:00 DEBUG 73493 --- [           main] o.s.jdbc.core.JdbcTemplate               : Executing prepared SQL query
2024-09-04T12:13:27.429+03:00 DEBUG 73493 --- [           main] o.s.jdbc.core.JdbcTemplate               : Executing prepared SQL statement [select student_id, student_name, age, grade, gender, state from student where grade = ? and state = ? and gender = ? limit 1]
2024-09-04T12:13:27.430+03:00 TRACE 73493 --- [           main] o.s.jdbc.core.StatementCreatorUtils      : Setting SQL statement parameter value: column index 1, parameter value [1], value class [java.lang.Integer], SQL type unknown
2024-09-04T12:13:27.430+03:00 TRACE 73493 --- [           main] o.s.jdbc.core.StatementCreatorUtils      : Setting SQL statement parameter value: column index 2, parameter value [New York], value class [java.lang.String], SQL type unknown
2024-09-04T12:13:27.430+03:00 TRACE 73493 --- [           main] o.s.jdbc.core.StatementCreatorUtils      : Setting SQL statement parameter value: column index 3, parameter value [Male], value class [java.lang.String], SQL type unknown
]]></system-out>
  </testcase>
</testsuite>